{"message":"GET method for negotiation with id = 5e4fbf65c999b63570ba3913","level":"info","service":"test-service","datetime":"10:52:5 - 21/1/2020"}
{"message":"GET method for negotiation with id = 5e4fbf65c999b63570ba3913","level":"info","service":"test-service","datetime":"10:52:5 - 21/1/2020"}
{"message":"GET method for negotiation with id = 5e4fbf65c999b63570ba3913","level":"info","service":"test-service","datetime":"10:54:39 - 21/1/2020"}
{"message":"GET method for all negotiations","level":"info","service":"test-service","datetime":"11:1:24 - 21/1/2020"}
{"message":"GET method for negotiation with id = 5e4e892def42b335186268be","level":"info","service":"test-service","datetime":"11:1:24 - 21/1/2020"}
{"message":"POST method for a new negotiation","level":"info","service":"test-service","datetime":"11:1:24 - 21/1/2020"}
{"message":"PUT method for negotiation with id 5e4fe2f4830c971f4cd1bb13","level":"info","service":"test-service","datetime":"11:1:24 - 21/1/2020"}
{"message":"PATCH method for a negotiations with id 5e4fe2f4830c971f4cd1bb13","level":"info","service":"test-service","datetime":"11:1:24 - 21/1/2020"}
{"message":"DELETE method for negotiation with id 5e4fe2f4830c971f4cd1bb13","level":"info","service":"test-service","datetime":"11:1:24 - 21/1/2020"}
{"message":"GET method for all negotiations","level":"info","service":"test-service","datetime":"11:1:24 - 21/1/2020"}
{"message":"GET method for all negotiations","level":"info","service":"test-service","datetime":"11:11:54 - 21/1/2020"}
{"message":"GET method for all negotiations","level":"info","service":"test-service","datetime":"11:11:54 - 21/1/2020"}
{"message":"GET method for all negotiations","level":"info","service":"test-service","datetime":"11:11:54 - 21/1/2020"}
{"message":"POST method for a new negotiation","level":"info","service":"test-service","datetime":"11:42:41 - 21/1/2020"}
{"message":"GET method for all negotiations","level":"info","service":"test-service","datetime":"11:54:42 - 21/1/2020"}
{"message":"POST method for a new negotiation","level":"info","service":"test-service","datetime":"11:54:42 - 21/1/2020"}
{"message":"POST method for a new negotiation","level":"info","service":"test-service","datetime":"11:54:42 - 21/1/2020"}
{"message":"POST method for a new negotiation","level":"info","service":"test-service","datetime":"11:54:42 - 21/1/2020"}
{"message":"GET method for all negotiations","level":"info","service":"test-service","datetime":"8:20:9 - 24/1/2020"}
{"message":"POST method for a new negotiation","level":"info","service":"test-service","datetime":"8:20:9 - 24/1/2020"}
{"message":"POST method for a new negotiation","level":"info","service":"test-service","datetime":"8:20:9 - 24/1/2020"}
{"message":"POST method for a new negotiation","level":"info","service":"test-service","datetime":"8:20:9 - 24/1/2020"}
{"message":"POST method for a new negotiation","level":"info","service":"test-service","datetime":"8:20:9 - 24/1/2020"}
{"message":"GET method for all negotiations","level":"info","service":"test-service","datetime":"8:20:9 - 24/1/2020"}
{"message":"GET method for all negotiations","level":"info","service":"test-service","datetime":"8:20:9 - 24/1/2020"}
{"message":"POST method for a new negotiation","level":"info","service":"test-service","datetime":"8:20:9 - 24/1/2020"}
{"message":"POST method for a new negotiation","level":"info","service":"test-service","datetime":"8:20:9 - 24/1/2020"}
{"message":"POST method for a new negotiation","level":"info","service":"test-service","datetime":"8:36:15 - 24/1/2020"}
{"message":"GET method for all negotiations","level":"info","service":"test-service","datetime":"8:36:15 - 24/1/2020"}
{"message":"POST method for a new negotiation","level":"info","service":"test-service","datetime":"8:36:15 - 24/1/2020"}
{"message":"POST method for a new negotiation","level":"info","service":"test-service","datetime":"8:41:15 - 24/1/2020"}
{"message":"GET method for all negotiations","level":"info","service":"test-service","datetime":"8:44:20 - 24/2/2020"}
{"message":"GET method for all negotiations","level":"info","service":"test-service","datetime":"8:47:32 - 24/2/2020"}
{"message":"GET method for all negotiations","level":"info","service":"test-service","datetime":"8:48:8 - 24/2/2020"}
{"message":"GET method for all negotiations","level":"info","service":"test-service","datetime":"8:48:54 - 24/2/2020"}
{"message":"GET method for all negotiations","level":"info","service":"test-service","datetime":"8:49:14 - 24/2/2020"}
{"message":"GET method for all negotiations","level":"info","service":"test-service","datetime":"8:50:4 - 24/2/2020"}
{"message":"GET method for all negotiations","level":"info","service":"test-service","datetime":"8:50:57 - 24/2/2020"}
{"message":"GET method for all negotiations","level":"info","service":"test-service","datetime":"8:51:40 - 24/2/2020"}
{"message":"GET method for all negotiations","level":"info","service":"test-service","datetime":"8:52:17 - 24/2/2020"}
{"message":"GET method for all negotiations","level":"info","service":"test-service","datetime":"8:53:22 - 24/2/2020"}
{"message":"GET method for all negotiations","level":"info","service":"test-service","datetime":"8:54:9 - 24/2/2020"}
{"message":"GET method for all negotiations","level":"info","service":"test-service","datetime":"8:56:39 - 24/2/2020"}
{"message":"GET method for all negotiations","level":"info","service":"test-service","datetime":"8:59:9 - 24/2/2020"}
{"message":"GET method for all negotiations","level":"info","service":"test-service","datetime":"8:59:48 - 24/2/2020"}
{"message":"GET method for all negotiations","level":"info","service":"test-service","datetime":"9:0:11 - 24/2/2020"}
{"message":"GET method for all negotiations","level":"info","service":"test-service","datetime":"9:1:59 - 24/2/2020"}
{"message":"GET method for all negotiations","level":"info","service":"test-service","datetime":"9:2:29 - 24/2/2020"}
{"message":"GET method for all negotiations","level":"info","service":"test-service","datetime":"9:5:54 - 24/2/2020"}
{"message":"POST method for a new negotiation","level":"info","service":"test-service","datetime":"9:7:46 - 24/2/2020"}
{"message":"GET method for all negotiations","level":"info","service":"test-service","datetime":"9:8:25 - 24/2/2020"}
{"message":"GET method for all negotiations","level":"info","service":"test-service","datetime":"9:9:53 - 24/2/2020"}
{"message":"GET method for all negotiations","level":"info","service":"test-service","datetime":"9:17:5 - 24/2/2020"}
{"message":"GET method for all negotiations","level":"info","service":"test-service","datetime":"9:17:37 - 24/2/2020"}
{"message":"GET method for all negotiations","level":"info","service":"test-service","datetime":"9:20:14 - 24/2/2020"}
{"message":"PUT method for negotiation with id 5e53bc9663223208c0ce53e4","level":"info","service":"test-service","datetime":"9:40:12 - 24/2/2020"}
{"message":"PATCH method for a negotiations with id 5e53bc9663223208c0ce53e4","level":"info","service":"test-service","datetime":"9:40:12 - 24/2/2020"}
{"message":"PATCH method for a negotiations with id 5e53bc9663223208c0ce53e4","level":"info","service":"test-service","datetime":"9:40:12 - 24/2/2020"}
{"message":"PATCH method for a negotiations with id 5e53bc9663223208c0ce53e4","level":"info","service":"test-service","datetime":"9:40:12 - 24/2/2020"}
{"message":"GET method for negotiation with id = 5e53bc9663223208c0ce53e4","level":"info","service":"test-service","datetime":"9:40:12 - 24/2/2020"}
{"message":"POST method for a new negotiation","level":"info","service":"test-service","datetime":"11:4:45 - 24/2/2020"}
{"message":"POST method for a new negotiation","level":"info","service":"test-service","datetime":"11:4:45 - 24/2/2020"}
{"message":"POST method for a new negotiation","level":"info","service":"test-service","datetime":"11:5:59 - 24/2/2020"}
{"message":"POST method for a new negotiation","level":"info","service":"test-service","datetime":"11:6:17 - 24/2/2020"}
{"message":"POST method for a new negotiation","level":"info","service":"test-service","datetime":"11:55:17 - 24/2/2020"}
{"message":"POST method for a new negotiation","level":"info","service":"test-service","datetime":"11:55:17 - 24/2/2020"}
{"message":"POST method for a new negotiation","level":"info","service":"test-service","datetime":"11:56:19 - 24/2/2020"}
{"message":"POST method for a new negotiation","level":"info","service":"test-service","datetime":"11:56:19 - 24/2/2020"}
{"message":"GET method for all negotiations","level":"info","service":"test-service","datetime":"11:56:19 - 24/2/2020"}
{"message":"PUT method for negotiation with id 5e53e43c13875e3ef4465080","level":"info","service":"test-service","datetime":"11:56:19 - 24/2/2020"}
{"message":"GET method for all negotiations","level":"info","service":"test-service","datetime":"13:38:24 - 26/2/2020"}
{"message":"POST method for a new negotiation","level":"info","service":"test-service","datetime":"13:38:24 - 26/2/2020"}
{"message":"POST method for a new negotiation","level":"info","service":"test-service","datetime":"13:38:24 - 26/2/2020"}
{"message":"POST method for a new negotiation","level":"info","service":"test-service","datetime":"13:41:16 - 26/2/2020"}
{"message":"POST method for a new negotiation","level":"info","service":"test-service","datetime":"13:41:47 - 26/2/2020"}
{"message":"POST method for a new negotiation","level":"info","service":"test-service","datetime":"13:48:57 - 26/2/2020"}
{"message":"POST method for a new negotiation","level":"info","service":"test-service","datetime":"13:53:7 - 26/2/2020"}
{"message":"POST method for a new negotiation","level":"info","service":"test-service","datetime":"13:55:38 - 26/2/2020"}
{"message":"POST method for a new negotiation","level":"info","service":"test-service","datetime":"13:56:34 - 26/2/2020"}
{"message":"POST method for a new negotiation","level":"info","service":"test-service","datetime":"14:2:28 - 26/2/2020"}
{"message":"POST method for a new negotiation","level":"info","service":"test-service","datetime":"14:2:28 - 26/2/2020"}
{"message":"POST method for a new negotiation","level":"info","service":"test-service","datetime":"14:5:51 - 26/2/2020"}
{"message":"POST method for a new negotiation","level":"info","service":"test-service","datetime":"14:7:45 - 26/2/2020"}
{"message":{"errors":[{"value":"N","msg":"description must be at least 5 characters long","param":"description","location":"body"}]},"level":"info","service":"test-service","datetime":"14:7:45 - 26/2/2020"}
{"message":"POST method for a new negotiation","level":"info","service":"test-service","datetime":"14:15:42 - 26/2/2020"}
{"message":"Error during POST method for route /negotiation","level":"info","service":"test-service","datetime":"14:15:42 - 26/2/2020"}
{"message":"POST method for a new negotiation","level":"info","service":"test-service","datetime":"14:15:42 - 26/2/2020"}
{"message":"Error during POST method for route /negotiation","level":"info","service":"test-service","datetime":"14:15:42 - 26/2/2020"}
{"message":"Error during POST method for route /negotiation","level":"info","service":"test-service","datetime":"14:15:42 - 26/2/2020"}
{"message":"POST method for a new negotiation","level":"info","service":"test-service","datetime":"14:15:42 - 26/2/2020"}
{"message":"Error during POST method for route /negotiation","level":"info","service":"test-service","datetime":"14:27:41 - 26/2/2020"}
{"message":"Error during POST method for route /negotiation","level":"info","service":"test-service","datetime":"14:27:41 - 26/2/2020"}
{"message":"POST method for a new negotiation","level":"info","service":"test-service","datetime":"14:27:41 - 26/2/2020"}
{"message":"Error during POST method for route /negotiation","level":"info","service":"test-service","datetime":"14:27:41 - 26/2/2020"}
{"message":"Error during POST method for route /negotiation","level":"info","service":"test-service","datetime":"14:27:41 - 26/2/2020"}
{"message":"POST method for a new negotiation","level":"info","service":"test-service","datetime":"14:27:41 - 26/2/2020"}
{"message":"POST method for a new negotiation","level":"info","service":"test-service","datetime":"14:30:36 - 26/2/2020"}
{"message":"POST method for a new negotiation","level":"info","service":"test-service","datetime":"14:30:36 - 26/2/2020"}
{"message":"POST method for a new negotiation","level":"info","service":"test-service","datetime":"14:30:36 - 26/2/2020"}
{"message":"POST method for a new negotiation","level":"info","service":"test-service","datetime":"14:30:36 - 26/2/2020"}
{"message":"POST method for a new negotiation","level":"info","service":"test-service","datetime":"14:30:36 - 26/2/2020"}
{"message":"POST method for a new negotiation","level":"info","service":"test-service","datetime":"14:40:20 - 26/2/2020"}
{"message":"POST method for a new negotiation","level":"info","service":"test-service","datetime":"14:40:56 - 26/2/2020"}
{"message":"POST method for a new negotiation","level":"info","service":"test-service","datetime":"14:40:56 - 26/2/2020"}
{"message":"POST method for a new negotiation","level":"info","service":"test-service","datetime":"14:41:57 - 26/2/2020"}
{"message":"POST method for a new negotiation","level":"info","service":"test-service","datetime":"14:43:7 - 26/2/2020"}
{"message":"POST method for a new negotiation","level":"info","service":"test-service","datetime":"14:43:7 - 26/2/2020"}
{"message":"POST method for a new negotiation","level":"info","service":"test-service","datetime":"14:43:7 - 26/2/2020"}
{"message":"POST method for a new negotiation","level":"info","service":"test-service","datetime":"14:43:7 - 26/2/2020"}
{"message":"POST method for a new negotiation","level":"info","service":"test-service","datetime":"14:43:7 - 26/2/2020"}
{"message":"POST method for a new negotiation","level":"info","service":"test-service","datetime":"14:43:7 - 26/2/2020"}
{"message":"POST method for a new negotiation","level":"info","service":"test-service","datetime":"14:43:7 - 26/2/2020"}
{"message":"POST method for a new negotiation","level":"info","service":"test-service","datetime":"14:43:7 - 26/2/2020"}
{"message":"POST method for a new negotiation","level":"info","service":"test-service","datetime":"14:43:7 - 26/2/2020"}
{"message":"POST method for a new negotiation","level":"info","service":"test-service","datetime":"14:43:7 - 26/2/2020"}
{"message":"POST method for a new negotiation","level":"info","service":"test-service","datetime":"14:43:7 - 26/2/2020"}
{"message":"POST method for a new negotiation","level":"info","service":"test-service","datetime":"14:43:7 - 26/2/2020"}
{"message":"POST method for a new negotiation","level":"info","service":"test-service","datetime":"14:43:7 - 26/2/2020"}
{"message":"POST method for a new negotiation","level":"info","service":"test-service","datetime":"14:48:51 - 26/2/2020"}
{"message":"POST method for a new negotiation","level":"info","service":"test-service","datetime":"14:48:51 - 26/2/2020"}
{"message":"POST method for a new negotiation","level":"info","service":"test-service","datetime":"14:49:22 - 26/2/2020"}
{"message":"Error during POST method for route /negotiation","level":"info","service":"test-service","datetime":"14:49:22 - 26/2/2020"}
{"message":"POST method for a new negotiation","level":"info","service":"test-service","datetime":"14:49:22 - 26/2/2020"}
{"message":"Error during POST method for route /negotiation","level":"info","service":"test-service","datetime":"14:49:22 - 26/2/2020"}
{"message":"POST method for a new negotiation","level":"info","service":"test-service","datetime":"14:49:22 - 26/2/2020"}
{"message":"POST method for a new negotiation","level":"info","service":"test-service","datetime":"14:49:22 - 26/2/2020"}
{"message":"POST method for a new negotiation","level":"info","service":"test-service","datetime":"14:52:50 - 26/2/2020"}
{"message":"Error during POST method for route /negotiation","level":"info","service":"test-service","datetime":"14:52:50 - 26/2/2020"}
{"message":"POST method for a new negotiation","level":"info","service":"test-service","datetime":"14:52:50 - 26/2/2020"}
{"message":"Error during POST method for route /negotiation","level":"info","service":"test-service","datetime":"14:52:50 - 26/2/2020"}
{"message":"POST method for a new negotiation","level":"info","service":"test-service","datetime":"14:52:50 - 26/2/2020"}
{"message":"Error during POST method for route /negotiation","level":"info","service":"test-service","datetime":"14:52:50 - 26/2/2020"}
{"message":"Error during POST method for route /negotiation","level":"info","service":"test-service","datetime":"14:52:50 - 26/2/2020"}
{"message":"POST method for a new negotiation","level":"info","service":"test-service","datetime":"14:52:50 - 26/2/2020"}
{"message":"GET method for all negotiations","level":"info","service":"test-service","datetime":"14:56:0 - 26/2/2020"}
{"message":"PUT method for negotiation with id 5e4ebc27dfca23151ce0cbe9","level":"info","service":"test-service","datetime":"14:56:0 - 26/2/2020"}
{"message":"PUT method for negotiation with id 5e4ebc27dfca23151ce0cbe9","level":"info","service":"test-service","datetime":"15:13:51 - 26/2/2020"}
{"message":"POST method for a new negotiation","level":"info","service":"test-service","datetime":"15:13:51 - 26/2/2020"}
{"message":"Error during POST method for route /negotiation","level":"info","service":"test-service","datetime":"15:13:51 - 26/2/2020"}
{"message":"Error during POST method for route /negotiation","level":"info","service":"test-service","datetime":"15:13:51 - 26/2/2020"}
{"message":"POST method for a new negotiation","level":"info","service":"test-service","datetime":"15:13:51 - 26/2/2020"}
{"message":"POST method for a new negotiation","level":"info","service":"test-service","datetime":"15:13:51 - 26/2/2020"}
{"message":"Error during POST method for route /negotiation","level":"info","service":"test-service","datetime":"15:13:51 - 26/2/2020"}
{"message":"POST method for a new negotiation","level":"info","service":"test-service","datetime":"15:13:51 - 26/2/2020"}
